RemoteAccessApp/app/build/intermediates/manifest_merge_blame_file/debug/processDebugMainManifest/manifest-merger-blame-debug-report.txt
1<?xml version="1.0" encoding="utf-8"?>
2<manifest xmlns:android="http://schemas.android.com/apk/res/android"
3    package="com.remoteaccess"
4    android:versionCode="1"
5    android:versionName="0.1.0" >
6
7    <uses-sdk
8        android:minSdkVersion="24"
9        android:targetSdkVersion="34" />
10
11    <!-- Core capabilities -->
12    <uses-permission android:name="android.permission.INTERNET" />
12-->src\main\AndroidManifest.xml:8:5-66
12-->src\main\AndroidManifest.xml:8:22-64
13    <uses-permission android:name="android.permission.FOREGROUND_SERVICE" />
13-->src\main\AndroidManifest.xml:9:5-76
13-->src\main\AndroidManifest.xml:9:22-74
14    <uses-permission android:name="android.permission.RECEIVE_BOOT_COMPLETED" />
14-->src\main\AndroidManifest.xml:10:5-80
14-->src\main\AndroidManifest.xml:10:22-78
15
16    <!-- Runtime permissions you’ll ask on first run -->
17    <uses-permission android:name="android.permission.RECORD_AUDIO" />
17-->src\main\AndroidManifest.xml:13:5-70
17-->src\main\AndroidManifest.xml:13:22-68
18    <uses-permission android:name="android.permission.CAMERA" />
18-->src\main\AndroidManifest.xml:14:5-64
18-->src\main\AndroidManifest.xml:14:22-62
19    <uses-permission android:name="android.permission.CALL_PHONE" />
19-->src\main\AndroidManifest.xml:15:5-68
19-->src\main\AndroidManifest.xml:15:22-66
20    <uses-permission android:name="android.permission.READ_CALL_LOG" />
20-->src\main\AndroidManifest.xml:16:5-71
20-->src\main\AndroidManifest.xml:16:22-69
21    <uses-permission android:name="android.permission.POST_NOTIFICATIONS" />
21-->src\main\AndroidManifest.xml:17:5-76
21-->src\main\AndroidManifest.xml:17:22-74
22
23    <!-- Full storage access (user approves in Settings on Android 11+) -->
24    <uses-permission android:name="android.permission.MANAGE_EXTERNAL_STORAGE" />
24-->src\main\AndroidManifest.xml:20:5-22:39
24-->src\main\AndroidManifest.xml:21:9-66
25
26    <!-- OPTIONAL (only if you keep the wakelock in RemoteService) -->
27    <uses-permission android:name="android.permission.WAKE_LOCK" />
27-->src\main\AndroidManifest.xml:25:5-67
27-->src\main\AndroidManifest.xml:25:22-65
28
29    <permission
29-->[androidx.core:core:1.13.1] AndroidManifest.xml:22:5-24:47
30        android:name="com.remoteaccess.DYNAMIC_RECEIVER_NOT_EXPORTED_PERMISSION"
30-->[androidx.core:core:1.13.1] AndroidManifest.xml:23:9-81
31        android:protectionLevel="signature" />
31-->[androidx.core:core:1.13.1] AndroidManifest.xml:24:9-44
32
33    <uses-permission android:name="com.remoteaccess.DYNAMIC_RECEIVER_NOT_EXPORTED_PERMISSION" />
33-->[androidx.core:core:1.13.1] AndroidManifest.xml:26:5-97
33-->[androidx.core:core:1.13.1] AndroidManifest.xml:26:22-94
34
35    <application
35-->src\main\AndroidManifest.xml:27:5-65:19
36        android:allowBackup="false"
36-->src\main\AndroidManifest.xml:28:9-36
37        android:appComponentFactory="androidx.core.app.CoreComponentFactory"
37-->[androidx.core:core:1.13.1] AndroidManifest.xml:28:18-86
38        android:debuggable="true"
39        android:extractNativeLibs="false"
40        android:icon="@mipmap/ic_launcher"
40-->src\main\AndroidManifest.xml:30:9-43
41        android:label="RemoteAccessApp"
41-->src\main\AndroidManifest.xml:29:9-40
42        android:networkSecurityConfig="@xml/network_security_config"
42-->src\main\AndroidManifest.xml:32:9-69
43        android:usesCleartextTraffic="false" >
43-->src\main\AndroidManifest.xml:31:9-45
44
45        <!-- Launcher entry (for convenience). This starts SetupActivity. -->
46        <activity
46-->src\main\AndroidManifest.xml:35:9-43:20
47            android:name="com.remoteaccess.SetupActivity"
47-->src\main\AndroidManifest.xml:36:13-58
48            android:exported="true"
48-->src\main\AndroidManifest.xml:37:13-36
49            android:theme="@style/Theme.Transparent" >
49-->src\main\AndroidManifest.xml:38:13-53
50            <intent-filter>
50-->src\main\AndroidManifest.xml:39:13-42:29
51                <action android:name="android.intent.action.MAIN" />
51-->src\main\AndroidManifest.xml:40:17-68
51-->src\main\AndroidManifest.xml:40:25-66
52
53                <category android:name="android.intent.category.LAUNCHER" />
53-->src\main\AndroidManifest.xml:41:17-76
53-->src\main\AndroidManifest.xml:41:27-74
54            </intent-filter>
55        </activity>
56
57        <!-- Foreground service (direct-boot aware; posts notif immediately) -->
58        <service
58-->src\main\AndroidManifest.xml:46:9-51:55
59            android:name="com.remoteaccess.RemoteService"
59-->src\main\AndroidManifest.xml:47:13-58
60            android:directBootAware="true"
60-->src\main\AndroidManifest.xml:50:13-43
61            android:enabled="true"
61-->src\main\AndroidManifest.xml:48:13-35
62            android:exported="false"
62-->src\main\AndroidManifest.xml:49:13-37
63            android:foregroundServiceType="dataSync" />
63-->src\main\AndroidManifest.xml:51:13-53
64
65        <!-- Boot receiver (handles both locked + unlocked boot; slight delay) -->
66        <receiver
66-->src\main\AndroidManifest.xml:54:9-63:20
67            android:name="com.remoteaccess.BootReceiver"
67-->src\main\AndroidManifest.xml:55:13-57
68            android:directBootAware="true"
68-->src\main\AndroidManifest.xml:58:13-43
69            android:enabled="true"
69-->src\main\AndroidManifest.xml:56:13-35
70            android:exported="true" >
70-->src\main\AndroidManifest.xml:57:13-36
71            <intent-filter>
71-->src\main\AndroidManifest.xml:59:13-62:29
72                <action android:name="android.intent.action.LOCKED_BOOT_COMPLETED" />
72-->src\main\AndroidManifest.xml:60:17-85
72-->src\main\AndroidManifest.xml:60:25-83
73                <action android:name="android.intent.action.BOOT_COMPLETED" />
73-->src\main\AndroidManifest.xml:61:17-78
73-->src\main\AndroidManifest.xml:61:25-76
74            </intent-filter>
75        </receiver>
76
77        <provider
77-->[androidx.emoji2:emoji2:1.2.0] AndroidManifest.xml:24:9-32:20
78            android:name="androidx.startup.InitializationProvider"
78-->[androidx.emoji2:emoji2:1.2.0] AndroidManifest.xml:25:13-67
79            android:authorities="com.remoteaccess.androidx-startup"
79-->[androidx.emoji2:emoji2:1.2.0] AndroidManifest.xml:26:13-68
80            android:exported="false" >
80-->[androidx.emoji2:emoji2:1.2.0] AndroidManifest.xml:27:13-37
81            <meta-data
81-->[androidx.emoji2:emoji2:1.2.0] AndroidManifest.xml:29:13-31:52
82                android:name="androidx.emoji2.text.EmojiCompatInitializer"
82-->[androidx.emoji2:emoji2:1.2.0] AndroidManifest.xml:30:17-75
83                android:value="androidx.startup" />
83-->[androidx.emoji2:emoji2:1.2.0] AndroidManifest.xml:31:17-49
84            <meta-data
84-->[androidx.lifecycle:lifecycle-process:2.6.2] AndroidManifest.xml:29:13-31:52
85                android:name="androidx.lifecycle.ProcessLifecycleInitializer"
85-->[androidx.lifecycle:lifecycle-process:2.6.2] AndroidManifest.xml:30:17-78
86                android:value="androidx.startup" />
86-->[androidx.lifecycle:lifecycle-process:2.6.2] AndroidManifest.xml:31:17-49
87            <meta-data
87-->[androidx.profileinstaller:profileinstaller:1.3.0] AndroidManifest.xml:29:13-31:52
88                android:name="androidx.profileinstaller.ProfileInstallerInitializer"
88-->[androidx.profileinstaller:profileinstaller:1.3.0] AndroidManifest.xml:30:17-85
89                android:value="androidx.startup" />
89-->[androidx.profileinstaller:profileinstaller:1.3.0] AndroidManifest.xml:31:17-49
90        </provider>
91
92        <receiver
92-->[androidx.profileinstaller:profileinstaller:1.3.0] AndroidManifest.xml:34:9-52:20
93            android:name="androidx.profileinstaller.ProfileInstallReceiver"
93-->[androidx.profileinstaller:profileinstaller:1.3.0] AndroidManifest.xml:35:13-76
94            android:directBootAware="false"
94-->[androidx.profileinstaller:profileinstaller:1.3.0] AndroidManifest.xml:36:13-44
95            android:enabled="true"
95-->[androidx.profileinstaller:profileinstaller:1.3.0] AndroidManifest.xml:37:13-35
96            android:exported="true"
96-->[androidx.profileinstaller:profileinstaller:1.3.0] AndroidManifest.xml:38:13-36
97            android:permission="android.permission.DUMP" >
97-->[androidx.profileinstaller:profileinstaller:1.3.0] AndroidManifest.xml:39:13-57
98            <intent-filter>
98-->[androidx.profileinstaller:profileinstaller:1.3.0] AndroidManifest.xml:40:13-42:29
99                <action android:name="androidx.profileinstaller.action.INSTALL_PROFILE" />
99-->[androidx.profileinstaller:profileinstaller:1.3.0] AndroidManifest.xml:41:17-91
99-->[androidx.profileinstaller:profileinstaller:1.3.0] AndroidManifest.xml:41:25-88
100            </intent-filter>
101            <intent-filter>
101-->[androidx.profileinstaller:profileinstaller:1.3.0] AndroidManifest.xml:43:13-45:29
102                <action android:name="androidx.profileinstaller.action.SKIP_FILE" />
102-->[androidx.profileinstaller:profileinstaller:1.3.0] AndroidManifest.xml:44:17-85
102-->[androidx.profileinstaller:profileinstaller:1.3.0] AndroidManifest.xml:44:25-82
103            </intent-filter>
104            <intent-filter>
104-->[androidx.profileinstaller:profileinstaller:1.3.0] AndroidManifest.xml:46:13-48:29
105                <action android:name="androidx.profileinstaller.action.SAVE_PROFILE" />
105-->[androidx.profileinstaller:profileinstaller:1.3.0] AndroidManifest.xml:47:17-88
105-->[androidx.profileinstaller:profileinstaller:1.3.0] AndroidManifest.xml:47:25-85
106            </intent-filter>
107            <intent-filter>
107-->[androidx.profileinstaller:profileinstaller:1.3.0] AndroidManifest.xml:49:13-51:29
108                <action android:name="androidx.profileinstaller.action.BENCHMARK_OPERATION" />
108-->[androidx.profileinstaller:profileinstaller:1.3.0] AndroidManifest.xml:50:17-95
108-->[androidx.profileinstaller:profileinstaller:1.3.0] AndroidManifest.xml:50:25-92
109            </intent-filter>
110        </receiver>
111    </application>
112
113</manifest>